<?xml version="1.0" encoding="UTF-8"?>
<testng-results ignored="0" total="2" passed="2" failed="0" skipped="0">
  <reporter-output>
  </reporter-output>
  <suite started-at="2024-04-21T20:06:52 IST" name="Default suite" finished-at="2024-04-21T20:07:16 IST" duration-ms="23777">
    <groups>
      <group name="GetAccNType">
        <method signature="Test1.GetAccAndType()[pri:0, instance:org.maya.TestParam.Test1@46cdf8bd]" name="GetAccAndType" class="org.maya.TestParam.Test1"/>
      </group> <!-- GetAccNType -->
      <group name="Regis">
        <method signature="Test1.Register()[pri:0, instance:org.maya.TestParam.Test1@46cdf8bd]" name="Register" class="org.maya.TestParam.Test1"/>
      </group> <!-- Regis -->
    </groups>
    <test started-at="2024-04-21T20:06:52 IST" name="Default test" finished-at="2024-04-21T20:07:16 IST" duration-ms="23777">
      <class name="org.maya.TestParam.Test1">
        <test-method signature="Register()[pri:0, instance:org.maya.TestParam.Test1@46cdf8bd]" started-at="2024-04-21T20:06:52 IST" name="Register" finished-at="2024-04-21T20:07:06 IST" duration-ms="13988" status="PASS">
          <reporter-output>
          </reporter-output>
        </test-method> <!-- Register -->
        <test-method signature="GetAccAndType()[pri:0, instance:org.maya.TestParam.Test1@46cdf8bd]" started-at="2024-04-21T20:07:06 IST" name="GetAccAndType" finished-at="2024-04-21T20:07:16 IST" depends-on-methods="org.maya.TestParam.Test1.Register" duration-ms="9679" status="PASS">
          <reporter-output>
          </reporter-output>
        </test-method> <!-- GetAccAndType -->
      </class> <!-- org.maya.TestParam.Test1 -->
    </test> <!-- Default test -->
  </suite> <!-- Default suite -->
</testng-results>
